生成启动时间为 2021/3/13 18:33:05。
     1>项目“D:\biancheng\c bite study\text-3.13\text-3.13\text-3.13.vcxproj”在节点 2 上(Build 个目标)。
     1>ClCompile:
         D:\Program Files (x86)\Microsoft Visual Studio 12.0\VC\bin\CL.exe /c /ZI /nologo /W3 /WX- /Od /Oy- /D WIN32 /D _DEBUG /D _CONSOLE /D _LIB /D _UNICODE /D UNICODE /Gm /EHsc /RTC1 /MDd /GS /fp:precise /Zc:wchar_t /Zc:forScope /Fo"Debug\\" /Fd"Debug\vc120.pdb" /Gd /TC /analyze- /errorReport:prompt contact.c text.c
         text.c
     1>d:\biancheng\c bite study\text-3.13\text-3.13\text.c(71): warning C4013: “text”未定义；假设外部返回 int
         contact.c
         正在生成代码...
       Link:
         D:\Program Files (x86)\Microsoft Visual Studio 12.0\VC\bin\link.exe /ERRORREPORT:PROMPT /OUT:"D:\biancheng\c bite study\text-3.13\Debug\text-3.13.exe" /INCREMENTAL /NOLOGO kernel32.lib user32.lib gdi32.lib winspool.lib comdlg32.lib advapi32.lib shell32.lib ole32.lib oleaut32.lib uuid.lib odbc32.lib odbccp32.lib /MANIFEST /MANIFESTUAC:"level='asInvoker' uiAccess='false'" /manifest:embed /DEBUG /PDB:"D:\biancheng\c bite study\text-3.13\Debug\text-3.13.pdb" /SUBSYSTEM:CONSOLE /TLBID:1 /DYNAMICBASE /NXCOMPAT /IMPLIB:"D:\biancheng\c bite study\text-3.13\Debug\text-3.13.lib" /MACHINE:X86 Debug\contact.obj
         Debug\text.obj
     1>text.obj : error LNK2019: 无法解析的外部符号 _text，该符号在函数 _main 中被引用
     1>D:\biancheng\c bite study\text-3.13\Debug\text-3.13.exe : fatal error LNK1120: 1 个无法解析的外部命令
     1>已完成生成项目“D:\biancheng\c bite study\text-3.13\text-3.13\text-3.13.vcxproj”(Build 个目标)的操作 - 失败。

生成失败。

已用时间 00:00:00.24
